{
  "Cucumber Features": {
    "coverage": {
      "/home/ubuntu/workspace/app/models/user.rb": [
        1,
        null,
        null,
        17,
        null,
        1,
        1,
        1,
        null,
        1,
        1,
        null,
        1,
        null
      ],
      "/home/ubuntu/workspace/app/models/application_record.rb": [
        1,
        1,
        null
      ],
      "/home/ubuntu/workspace/app/models/program.rb": [
        1,
        1,
        1,
        1,
        null
      ],
      "/home/ubuntu/workspace/app/models/student.rb": [
        1,
        1,
        1,
        1,
        1,
        null,
        1,
        null,
        null,
        null,
        1,
        1,
        null,
        1,
        1,
        null,
        1,
        1,
        null
      ],
      "/home/ubuntu/workspace/app/models/course.rb": [
        1,
        1,
        1,
        1,
        null,
        1,
        1,
        null,
        1,
        null,
        1,
        0,
        0,
        null,
        null,
        1,
        56,
        56,
        35,
        null,
        56,
        42,
        null,
        56,
        0,
        null,
        56,
        21,
        null,
        35,
        null,
        56,
        0,
        null,
        56,
        null,
        null,
        1,
        0,
        0,
        0,
        null,
        null,
        1,
        60,
        null,
        null,
        1,
        4,
        4,
        0,
        null,
        4,
        null,
        null,
        1,
        0,
        0,
        0,
        0,
        0,
        null,
        0,
        0,
        null,
        null,
        1,
        0,
        0,
        0,
        0,
        0,
        null,
        0,
        0,
        null,
        null,
        1,
        0,
        0,
        0,
        0,
        0,
        null,
        0,
        0,
        null,
        null,
        1,
        4,
        0,
        null,
        4,
        null,
        null,
        null
      ],
      "/home/ubuntu/workspace/app/models/package.rb": [
        1,
        1,
        null,
        1,
        1,
        null
      ],
      "/home/ubuntu/workspace/app/models/semester.rb": [
        1,
        1,
        1,
        1,
        1,
        1,
        null,
        null,
        null
      ],
      "/home/ubuntu/workspace/app/models/package_courseship.rb": [
        1,
        1,
        1,
        null
      ],
      "/home/ubuntu/workspace/app/controllers/sessions_controller.rb": [
        1,
        1,
        null,
        null,
        1,
        4,
        4,
        null,
        4,
        4,
        null,
        0,
        null,
        0,
        null,
        null,
        null,
        1,
        0,
        0,
        null,
        null,
        null
      ],
      "/home/ubuntu/workspace/app/controllers/application_controller.rb": [
        1,
        1,
        1,
        null,
        1,
        19,
        0,
        0,
        0,
        null,
        null,
        null,
        1,
        4,
        4,
        null,
        0,
        null,
        4,
        null,
        null,
        1,
        15,
        15,
        null,
        0,
        null,
        15,
        null,
        null
      ],
      "/home/ubuntu/workspace/app/helpers/application_helper.rb": [
        1,
        null
      ],
      "/home/ubuntu/workspace/app/helpers/courses_helper.rb": [
        1,
        null,
        null,
        null,
        null
      ],
      "/home/ubuntu/workspace/app/helpers/sessions_helper.rb": [
        1,
        1,
        4,
        null,
        null,
        1,
        134,
        null,
        null,
        1,
        73,
        null,
        null,
        1,
        0,
        0,
        null,
        null,
        1,
        80,
        null,
        null,
        null,
        1,
        0,
        0,
        null,
        null,
        null,
        1,
        0,
        null,
        null,
        null
      ],
      "/home/ubuntu/workspace/app/helpers/special_courses_helper.rb": [
        1,
        null
      ],
      "/home/ubuntu/workspace/app/helpers/static_pages_helper.rb": [
        1,
        null
      ],
      "/home/ubuntu/workspace/app/helpers/students_helper.rb": [
        1,
        null,
        null
      ],
      "/home/ubuntu/workspace/app/helpers/users_helper.rb": [
        1,
        null
      ],
      "/home/ubuntu/workspace/app/controllers/users_controller.rb": [
        1,
        1,
        1,
        null,
        1,
        0,
        null,
        null,
        1,
        4,
        null,
        null,
        null,
        null,
        1,
        0,
        0,
        0,
        0,
        0,
        null,
        0,
        null,
        null,
        null,
        1,
        null,
        1,
        0,
        null,
        null,
        null,
        null
      ],
      "/home/ubuntu/workspace/app/models/student_course_semestership.rb": [
        1,
        1,
        1,
        1,
        null
      ],
      "/home/ubuntu/workspace/app/controllers/students_controller.rb": [
        1,
        1,
        1,
        1,
        1,
        null,
        null,
        null,
        1,
        0,
        null,
        null,
        1,
        0,
        null,
        null,
        1,
        0,
        null,
        null,
        1,
        0,
        null,
        null,
        1,
        0,
        0,
        0,
        0,
        0,
        0,
        null,
        0,
        null,
        null,
        null,
        1,
        null,
        null,
        null,
        1,
        0,
        0,
        0,
        null,
        null,
        1,
        0,
        0,
        0,
        null,
        null,
        1,
        null,
        7,
        7,
        7,
        null,
        null,
        1,
        null,
        4,
        0,
        0,
        null,
        null,
        4,
        12,
        1,
        null,
        1,
        1,
        null,
        null,
        3,
        3,
        11,
        null,
        null,
        3,
        8,
        1,
        null,
        1,
        1,
        null,
        null,
        null,
        null,
        2,
        2,
        null,
        null,
        2,
        null,
        null,
        null,
        2,
        0,
        null,
        2,
        null,
        null,
        null,
        1,
        null,
        2,
        2,
        null,
        null,
        1,
        null,
        1,
        1,
        1,
        null,
        null,
        null,
        0,
        0,
        null,
        null,
        0,
        null,
        0,
        null,
        null,
        1,
        1,
        1,
        0,
        null,
        1,
        5,
        null,
        1,
        1,
        null,
        null,
        1,
        null,
        0,
        0,
        0,
        0,
        0,
        0,
        0,
        null,
        0,
        0,
        0,
        0,
        null,
        null,
        null,
        1,
        null,
        0,
        0,
        0,
        0,
        0,
        0,
        0,
        0,
        null,
        0,
        null,
        null,
        1,
        0,
        0,
        0,
        0,
        null,
        null,
        1,
        0,
        0,
        0,
        0,
        0,
        0,
        0,
        null,
        null,
        1,
        null,
        1,
        0,
        0,
        0,
        null,
        null,
        1,
        49,
        49,
        null,
        null,
        1,
        15,
        15,
        0,
        0,
        null,
        null,
        null,
        null,
        1,
        9,
        null,
        9,
        2,
        2,
        2,
        2,
        6,
        6,
        6,
        6,
        null,
        null,
        null,
        null,
        7,
        15,
        40,
        4,
        4,
        4,
        4,
        4,
        4,
        null,
        null,
        null,
        null,
        9,
        null,
        null,
        1,
        2,
        6,
        16,
        null,
        null,
        null,
        null,
        1,
        2,
        8,
        8,
        8,
        8,
        null,
        8,
        null,
        null,
        null,
        null
      ],
      "/home/ubuntu/workspace/app/models/interest.rb": [
        1,
        1,
        null,
        1,
        1,
        null
      ],
      "/home/ubuntu/workspace/app/models/student_special_course_semestership.rb": [
        1,
        1,
        1,
        1,
        null,
        1,
        1,
        1,
        null
      ],
      "/home/ubuntu/workspace/app/models/coursesection.rb": [
        1,
        1,
        null
      ],
      "/home/ubuntu/workspace/app/models/special_course.rb": [
        1,
        1,
        1,
        1,
        null,
        1,
        0,
        null,
        null
      ],
      "/home/ubuntu/workspace/app/mailers/application_mailer.rb": [
        0,
        0,
        0,
        0
      ],
      "/home/ubuntu/workspace/app/jobs/application_job.rb": [
        0,
        0
      ],
      "/home/ubuntu/workspace/app/models/interest_courseship.rb": [
        0,
        0,
        0,
        0
      ],
      "/home/ubuntu/workspace/app/controllers/courses_controller.rb": [
        0,
        0,
        0,
        0,
        0,
        0
      ],
      "/home/ubuntu/workspace/app/controllers/static_pages_controller.rb": [
        0,
        0,
        0,
        0,
        0,
        0,
        0
      ],
      "/home/ubuntu/workspace/app/controllers/special_courses_controller.rb": [
        0,
        0,
        0,
        0,
        0
      ],
      "/home/ubuntu/workspace/app/channels/application_cable/connection.rb": [
        0,
        0,
        0,
        0
      ],
      "/home/ubuntu/workspace/app/channels/application_cable/channel.rb": [
        0,
        0,
        0,
        0
      ]
    },
    "timestamp": 1492462252
  },
  "RSpec": {
    "coverage": {
      "/home/ubuntu/workspace/DegreePlanner/app/models/user.rb": [
        1,
        null,
        null,
        3,
        null,
        1,
        1,
        1,
        null,
        1,
        1,
        null,
        1,
        null
      ],
      "/home/ubuntu/workspace/DegreePlanner/app/models/application_record.rb": [
        1,
        1,
        null
      ],
      "/home/ubuntu/workspace/DegreePlanner/app/models/program.rb": [
        1,
        1,
        1,
        1,
        null
      ],
      "/home/ubuntu/workspace/DegreePlanner/app/models/student.rb": [
        1,
        1,
        1,
        1,
        1,
        null,
        1,
        null,
        null,
        null,
        1,
        1,
        null,
        1,
        1,
        null,
        1,
        1,
        null
      ],
      "/home/ubuntu/workspace/DegreePlanner/app/models/semester.rb": [
        1,
        1,
        1,
        1,
        1,
        1,
        null,
        null,
        null
      ],
      "/home/ubuntu/workspace/DegreePlanner/app/models/course.rb": [
        1,
        1,
        1,
        1,
        null,
        1,
        1,
        null,
        1,
        null,
        1,
        0,
        0,
        null,
        null,
        1,
        27,
        27,
        20,
        null,
        27,
        23,
        null,
        27,
        8,
        null,
        27,
        16,
        null,
        11,
        null,
        27,
        0,
        null,
        27,
        null,
        null,
        1,
        0,
        0,
        0,
        null,
        null,
        1,
        27,
        null,
        null,
        1,
        14,
        14,
        14,
        14,
        14,
        null,
        14,
        14,
        null,
        null,
        1,
        14,
        14,
        14,
        14,
        14,
        null,
        14,
        14,
        null,
        null,
        1,
        14,
        14,
        14,
        14,
        14,
        null,
        14,
        14,
        null,
        null,
        1,
        14,
        null,
        null
      ],
      "/home/ubuntu/workspace/DegreePlanner/app/models/coursesection.rb": [
        1,
        1,
        null
      ],
      "/home/ubuntu/workspace/DegreePlanner/app/models/package.rb": [
        1,
        1,
        null,
        1,
        1,
        null
      ],
      "/home/ubuntu/workspace/DegreePlanner/app/models/package_courseship.rb": [
        1,
        1,
        1,
        null
      ],
      "/home/ubuntu/workspace/DegreePlanner/app/models/interest.rb": [
        1,
        1,
        null,
        1,
        1,
        null
      ],
      "/home/ubuntu/workspace/DegreePlanner/app/models/special_course.rb": [
        1,
        1,
        1,
        1,
        null,
        1,
        1,
        null,
        null
      ],
      "/home/ubuntu/workspace/DegreePlanner/app/models/interest_courseship.rb": [
        1,
        1,
        1,
        null
      ],
      "/home/ubuntu/workspace/DegreePlanner/app/controllers/sessions_controller.rb": [
        1,
        1,
        null,
        null,
        1,
        1,
        1,
        null,
        1,
        1,
        null,
        0,
        null,
        0,
        null,
        null,
        null,
        1,
        0,
        0,
        null,
        null,
        null
      ],
      "/home/ubuntu/workspace/DegreePlanner/app/controllers/application_controller.rb": [
        1,
        1,
        1,
        null,
        1,
        8,
        0,
        0,
        0,
        null,
        null,
        null,
        1,
        1,
        1,
        null,
        0,
        null,
        1,
        null,
        null,
        1,
        7,
        7,
        null,
        0,
        null,
        7,
        null,
        null
      ],
      "/home/ubuntu/workspace/DegreePlanner/app/helpers/application_helper.rb": [
        1,
        null
      ],
      "/home/ubuntu/workspace/DegreePlanner/app/helpers/courses_helper.rb": [
        1,
        null,
        null,
        null,
        null
      ],
      "/home/ubuntu/workspace/DegreePlanner/app/helpers/sessions_helper.rb": [
        1,
        1,
        1,
        null,
        null,
        1,
        49,
        null,
        null,
        1,
        26,
        null,
        null,
        1,
        0,
        0,
        null,
        null,
        1,
        26,
        null,
        null,
        null,
        1,
        0,
        0,
        null,
        null,
        null,
        1,
        0,
        null,
        null,
        null
      ],
      "/home/ubuntu/workspace/DegreePlanner/app/helpers/special_courses_helper.rb": [
        1,
        null
      ],
      "/home/ubuntu/workspace/DegreePlanner/app/helpers/static_pages_helper.rb": [
        1,
        null
      ],
      "/home/ubuntu/workspace/DegreePlanner/app/helpers/students_helper.rb": [
        1,
        null,
        null
      ],
      "/home/ubuntu/workspace/DegreePlanner/app/helpers/users_helper.rb": [
        1,
        null
      ],
      "/home/ubuntu/workspace/DegreePlanner/app/controllers/users_controller.rb": [
        1,
        1,
        1,
        null,
        1,
        0,
        null,
        null,
        1,
        1,
        null,
        null,
        null,
        null,
        1,
        0,
        0,
        0,
        0,
        0,
        null,
        0,
        null,
        null,
        null,
        1,
        null,
        1,
        0,
        null,
        null,
        null,
        null
      ],
      "/home/ubuntu/workspace/DegreePlanner/app/models/student_course_semestership.rb": [
        1,
        1,
        1,
        1,
        null
      ],
      "/home/ubuntu/workspace/DegreePlanner/app/controllers/students_controller.rb": [
        1,
        1,
        1,
        1,
        1,
        null,
        null,
        null,
        1,
        0,
        null,
        null,
        1,
        0,
        null,
        null,
        1,
        0,
        null,
        null,
        1,
        0,
        null,
        null,
        1,
        0,
        0,
        0,
        0,
        0,
        0,
        null,
        0,
        null,
        null,
        null,
        1,
        null,
        null,
        null,
        1,
        0,
        0,
        0,
        null,
        null,
        1,
        0,
        0,
        0,
        null,
        null,
        1,
        null,
        1,
        1,
        1,
        null,
        null,
        1,
        null,
        1,
        0,
        0,
        null,
        null,
        1,
        3,
        0,
        null,
        0,
        0,
        null,
        null,
        1,
        1,
        3,
        null,
        null,
        1,
        3,
        0,
        null,
        0,
        0,
        null,
        null,
        null,
        null,
        1,
        1,
        null,
        null,
        1,
        null,
        null,
        null,
        1,
        0,
        null,
        1,
        null,
        null,
        null,
        1,
        null,
        1,
        1,
        null,
        null,
        1,
        null,
        1,
        0,
        0,
        null,
        null,
        null,
        1,
        1,
        null,
        null,
        1,
        null,
        1,
        null,
        null,
        1,
        2,
        2,
        1,
        null,
        2,
        16,
        null,
        2,
        2,
        null,
        null,
        1,
        null,
        0,
        0,
        0,
        0,
        0,
        0,
        0,
        null,
        0,
        0,
        0,
        0,
        null,
        null,
        null,
        1,
        null,
        1,
        1,
        1,
        1,
        1,
        1,
        1,
        1,
        null,
        1,
        null,
        null,
        1,
        0,
        0,
        0,
        0,
        null,
        null,
        1,
        0,
        0,
        0,
        0,
        0,
        0,
        0,
        null,
        null,
        1,
        null,
        1,
        0,
        0,
        0,
        null,
        null,
        1,
        13,
        13,
        null,
        null,
        1,
        7,
        7,
        0,
        0,
        null,
        null,
        null,
        null,
        1,
        2,
        null,
        2,
        0,
        0,
        0,
        0,
        0,
        0,
        0,
        0,
        null,
        null,
        null,
        null,
        2,
        10,
        13,
        1,
        1,
        1,
        1,
        1,
        1,
        null,
        null,
        null,
        null,
        2,
        null,
        null,
        1,
        2,
        10,
        13,
        null,
        null,
        null,
        null,
        1,
        2,
        8,
        8,
        8,
        8,
        null,
        8,
        null,
        null,
        null,
        null
      ],
      "/home/ubuntu/workspace/DegreePlanner/app/models/student_special_course_semestership.rb": [
        1,
        1,
        1,
        1,
        null,
        1,
        1,
        1,
        null
      ],
      "/home/ubuntu/workspace/DegreePlanner/app/controllers/special_courses_controller.rb": [
        0,
        0,
        0,
        0,
        0
      ],
      "/home/ubuntu/workspace/DegreePlanner/app/controllers/courses_controller.rb": [
        0,
        0,
        0,
        0,
        0,
        0
      ],
      "/home/ubuntu/workspace/DegreePlanner/app/controllers/static_pages_controller.rb": [
        0,
        0,
        0,
        0,
        0,
        0,
        0
      ],
      "/home/ubuntu/workspace/DegreePlanner/app/channels/application_cable/connection.rb": [
        0,
        0,
        0,
        0
      ],
      "/home/ubuntu/workspace/DegreePlanner/app/channels/application_cable/channel.rb": [
        0,
        0,
        0,
        0
      ],
      "/home/ubuntu/workspace/DegreePlanner/app/mailers/application_mailer.rb": [
        0,
        0,
        0,
        0
      ],
      "/home/ubuntu/workspace/DegreePlanner/app/jobs/application_job.rb": [
        0,
        0
      ]
    },
    "timestamp": 1492458312
  }
}
